<?xml version="1.0" encoding="UTF-8"?>
<!-- Generated by org.testng.reporters.JUnitReportReporter -->
<testsuite hostname="DESKTOP-TA2JTMN" failures="0" tests="1" name="com.api.test.TestGetProfileRequest" time="2.886" errors="0" timestamp="2024-12-20T11:13:55 CET" skipped="0">
  <testcase classname="com.api.test.TestGetProfileRequest" name="getProfileInfo" time="2.886"/>
</testsuite> <!-- com.api.test.TestGetProfileRequest -->
