<?xml version="1.0" encoding="UTF-8"?>
<!-- Generated by org.testng.reporters.JUnitReportReporter -->
<testsuite hostname="DESKTOP-TA2JTMN" failures="0" tests="1" name="com.api.test.TestLoginApi" time="0.009" errors="0" timestamp="2024-12-18T14:49:52 CET" skipped="0">
  <testcase classname="com.api.test.TestLoginApi" name="loginTest" time="0.009"/>
</testsuite> <!-- com.api.test.TestLoginApi -->
