<?xml version="1.0" encoding="UTF-8"?>
<!-- Generated by org.testng.reporters.JUnitReportReporter -->
<testsuite hostname="DESKTOP-TA2JTMN" failures="0" tests="1" name="com.api.test.LoginApiTest" time="2.407" errors="0" timestamp="2024-12-15T17:44:15 CET" skipped="0">
  <testcase classname="com.api.test.LoginApiTest" name="loginTest" time="2.407"/>
</testsuite> <!-- com.api.test.LoginApiTest -->
