<?xml version="1.0" encoding="UTF-8"?>
<!-- Generated by org.testng.reporters.JUnitReportReporter -->
<testsuite hostname="DESKTOP-TA2JTMN" failures="0" tests="1" name="com.api.test.TestUpdateProfile" time="4.995" errors="0" timestamp="2024-12-20T16:20:52 CET" skipped="0">
  <testcase classname="com.api.test.TestUpdateProfile" name="updateProfileTest" time="4.995"/>
</testsuite> <!-- com.api.test.TestUpdateProfile -->
