<?xml version="1.0" encoding="UTF-8"?>
<!-- Generated by org.testng.reporters.JUnitReportReporter -->
<testsuite hostname="DESKTOP-TA2JTMN" failures="0" tests="1" name="com.api.test.TestLoginUser" time="2.918" errors="0" timestamp="2024-12-18T17:57:33 CET" skipped="0">
  <testcase classname="com.api.test.TestLoginUser" name="loginTestUser" time="2.918"/>
</testsuite> <!-- com.api.test.TestLoginUser -->
