<?xml version="1.0" encoding="UTF-8"?>
<!-- Generated by org.testng.reporters.JUnitReportReporter -->
<testsuite hostname="DESKTOP-TA2JTMN" failures="0" tests="1" name="com.api.test.TestForgetPassword" time="2.836" errors="0" timestamp="2024-12-19T16:17:52 CET" skipped="0">
  <testcase classname="com.api.test.TestForgetPassword" name="forgetPassword" time="2.836"/>
</testsuite> <!-- com.api.test.TestForgetPassword -->
